This is pdfTeX, Version 3.1415926-1.40.10 (TeX Live 2009/Debian) (format=pdflatex 2011.9.29)  15 OCT 2011 10:33
entering extended mode
 %&-line parsing enabled.
**DeCarvalho-Dantas-Lechevallier-PR-2011-R0.tex
(./DeCarvalho-Dantas-Lechevallier-PR-2011-R0.tex
LaTeX2e <2009/09/24>
Babel <v3.8l> and hyphenation patterns for english, usenglishmax, dumylang, noh
yphenation, loaded.
(./elsart.cls
Document Class: elsart 2006/05/01, 2.19: Elsevier
\@frontmatterwidth=\dimen102
\@bls=\dimen103
\eqntopsep=\skip41
\eqnarraycolsep=\dimen104
\labelwidthi=\dimen105
\labelwidthii=\dimen106
\labelwidthiii=\dimen107
\labelwidthiv=\dimen108
\@maxlistdepth=\count79
\eqnbaselineskip=\skip42
\eqnlineskip=\skip43
\mathindent=\dimen109
\rulepreskip=\dimen110
\rulepostskip=\dimen111
\c@section=\count80
\c@subsection=\count81
\c@subsubsection=\count82
\c@paragraph=\count83
\c@subparagraph=\count84
(/usr/share/texmf-texlive/tex/latex/base/latexsym.sty
Package: latexsym 1998/08/17 v2.2e Standard LaTeX package (lasy symbols)
\symlasy=\mathgroup4
LaTeX Font Info:    Overwriting symbol font `lasy' in version `bold'
(Font)                  U/lasy/m/n --> U/lasy/b/n on input line 47.
)
\c@thm=\count85
\c@alg=\count86
\c@algorithm=\count87
\c@note=\count88
\c@summ=\count89
\c@case=\count90
\@tempcntc=\count91
\c@figure=\count92
\c@table=\count93
\t@glob@notes=\toks14
\t@loc@notes=\toks15
\note@cnt=\count94
\corauth@text=\toks16
\email@text=\toks17
\url@text=\toks18
\c@corauth=\count95
\c@author=\count96
\n@author=\count97
\c@collab=\count98
\n@collab=\count99
\c@address=\count100
\sv@mathsurround=\dimen112
\sv@hyphenpenalty=\count101
\prev@elem=\count102
\cur@elem=\count103
\fm@box=\box26
\fm@size=\dimen113
\t@abstract=\box27
\t@keyword=\box28
\t@xtheight=\dimen114
\@logoheight=\dimen115
\@pubyear=\count104
\c@firstpage=\count105
\c@lastpage=\count106
\slashbox=\box29
LaTeX Font Info:    External font `cmex10' loaded for size
(Font)              <12> on input line 1404.
LaTeX Font Info:    External font `cmex10' loaded for size
(Font)              <8> on input line 1404.
LaTeX Font Info:    External font `cmex10' loaded for size
(Font)              <6> on input line 1404.
LaTeX Font Info:    Try loading font information for U+lasy on input line 1404.


(/usr/share/texmf-texlive/tex/latex/base/ulasy.fd
File: ulasy.fd 1998/08/17 v2.2e LaTeX symbol font definitions
)
\Slashbox=\box30
LaTeX Font Info:    External font `cmex10' loaded for size
(Font)              <14.4> on input line 1405.
LaTeX Font Info:    External font `cmex10' loaded for size
(Font)              <7> on input line 1405.
)
(/usr/share/texmf-texlive/tex/latex/amsfonts/amssymb.sty
Package: amssymb 2009/06/22 v3.00

(/usr/share/texmf-texlive/tex/latex/amsfonts/amsfonts.sty
Package: amsfonts 2009/06/22 v3.00 Basic AMSFonts support
\@emptytoks=\toks19
\symAMSa=\mathgroup5
\symAMSb=\mathgroup6
LaTeX Font Info:    Overwriting math alphabet `\mathfrak' in version `bold'
(Font)                  U/euf/m/n --> U/euf/b/n on input line 96.
))
(/usr/share/texmf-texlive/tex/latex/amsmath/amsmath.sty
Package: amsmath 2000/07/18 v2.13 AMS math features
\@mathmargin=\skip44

For additional information on amsmath, use the `?' option.
(/usr/share/texmf-texlive/tex/latex/amsmath/amstext.sty
Package: amstext 2000/06/29 v2.01

(/usr/share/texmf-texlive/tex/latex/amsmath/amsgen.sty
File: amsgen.sty 1999/11/30 v2.0
\@emptytoks=\toks20
\ex@=\dimen116
))
(/usr/share/texmf-texlive/tex/latex/amsmath/amsbsy.sty
Package: amsbsy 1999/11/29 v1.2d
\pmbraise@=\dimen117
)
(/usr/share/texmf-texlive/tex/latex/amsmath/amsopn.sty
Package: amsopn 1999/12/14 v2.01 operator names
LaTeX Info: Redefining \operatorname on input line 58.
)
\inf@bad=\count107
LaTeX Info: Redefining \frac on input line 211.
\uproot@=\count108
\leftroot@=\count109
LaTeX Info: Redefining \overline on input line 307.
\classnum@=\count110
\DOTSCASE@=\count111
LaTeX Info: Redefining \ldots on input line 379.
LaTeX Info: Redefining \dots on input line 382.
LaTeX Info: Redefining \cdots on input line 467.
\Mathstrutbox@=\box31
\strutbox@=\box32
\big@size=\dimen118
LaTeX Font Info:    Redeclaring font encoding OML on input line 567.
LaTeX Font Info:    Redeclaring font encoding OMS on input line 568.
\macc@depth=\count112
\c@MaxMatrixCols=\count113
\dotsspace@=\muskip10
\c@parentequation=\count114
\dspbrk@lvl=\count115
\tag@help=\toks21
\row@=\count116
\column@=\count117
\maxfields@=\count118
\andhelp@=\toks22
\eqnshift@=\dimen119
\alignsep@=\dimen120
\tagshift@=\dimen121
\tagwidth@=\dimen122
\totwidth@=\dimen123
\lineht@=\dimen124
\@envbody=\toks23
\multlinegap=\skip45
\multlinetaggap=\skip46
\mathdisplay@stack=\toks24
LaTeX Info: Redefining \[ on input line 2666.
LaTeX Info: Redefining \] on input line 2667.
)
(/usr/share/texmf-texlive/tex/latex/graphics/epsfig.sty
Package: epsfig 1999/02/16 v1.7a (e)psfig emulation (SPQR)

(/usr/share/texmf-texlive/tex/latex/graphics/graphicx.sty
Package: graphicx 1999/02/16 v1.0f Enhanced LaTeX Graphics (DPC,SPQR)

(/usr/share/texmf-texlive/tex/latex/graphics/keyval.sty
Package: keyval 1999/03/16 v1.13 key=value parser (DPC)
\KV@toks@=\toks25
)
(/usr/share/texmf-texlive/tex/latex/graphics/graphics.sty
Package: graphics 2009/02/05 v1.0o Standard LaTeX Graphics (DPC,SPQR)

(/usr/share/texmf-texlive/tex/latex/graphics/trig.sty
Package: trig 1999/03/16 v1.09 sin cos tan (DPC)
)
(/etc/texmf/tex/latex/config/graphics.cfg
File: graphics.cfg 2009/08/28 v1.8 graphics configuration of TeX Live
)
Package graphics Info: Driver file: pdftex.def on input line 91.

(/usr/share/texmf-texlive/tex/latex/pdftex-def/pdftex.def
File: pdftex.def 2010/03/12 v0.04p Graphics/color for pdfTeX
\Gread@gobject=\count119
))
\Gin@req@height=\dimen125
\Gin@req@width=\dimen126
)
\epsfxsize=\dimen127
\epsfysize=\dimen128
)
(/usr/share/texmf-texlive/tex/latex/float/float.sty
Package: float 2001/11/08 v1.3d Float enhancements (AL)
\c@float@type=\count120
\float@exts=\toks26
\float@box=\box33
\@float@everytoks=\toks27
\@floatcapt=\box34
)
\c@proposition=\count121

(./DeCarvalho-Dantas-Lechevallier-PR-2011-R0.aux

LaTeX Warning: Label `t-10' multiply defined.


LaTeX Warning: Label `t-11' multiply defined.


LaTeX Warning: Label `t-12' multiply defined.

)
\openout1 = `DeCarvalho-Dantas-Lechevallier-PR-2011-R0.aux'.

LaTeX Font Info:    Checking defaults for OML/cmm/m/it on input line 13.
LaTeX Font Info:    ... okay on input line 13.
LaTeX Font Info:    Checking defaults for T1/cmr/m/n on input line 13.
LaTeX Font Info:    ... okay on input line 13.
LaTeX Font Info:    Checking defaults for OT1/cmr/m/n on input line 13.
LaTeX Font Info:    ... okay on input line 13.
LaTeX Font Info:    Checking defaults for OMS/cmsy/m/n on input line 13.
LaTeX Font Info:    ... okay on input line 13.
LaTeX Font Info:    Checking defaults for OMX/cmex/m/n on input line 13.
LaTeX Font Info:    ... okay on input line 13.
LaTeX Font Info:    Checking defaults for U/cmr/m/n on input line 13.
LaTeX Font Info:    ... okay on input line 13.
 (/usr/share/texmf-texlive/tex/context/base/supp-pdf.mkii
[Loading MPS to PDF converter (version 2006.09.02).]
\scratchcounter=\count122
\scratchdimen=\dimen129
\scratchbox=\box35
\nofMPsegments=\count123
\nofMParguments=\count124
\everyMPshowfont=\toks28
\MPscratchCnt=\count125
\MPscratchDim=\dimen130
\MPnumerator=\count126
\everyMPtoPDFconversion=\toks29
)
LaTeX Font Info:    Try loading font information for U+msa on input line 16.
 (/usr/share/texmf-texlive/tex/latex/amsfonts/umsa.fd
File: umsa.fd 2009/06/22 v3.00 AMS symbols A
)
LaTeX Font Info:    Try loading font information for U+msb on input line 16.

(/usr/share/texmf-texlive/tex/latex/amsfonts/umsb.fd
File: umsb.fd 2009/06/22 v3.00 AMS symbols B
)
\c@sv@footnote=\count127

Underfull \vbox (badness 1484) has occurred while \output is active []

 [1{/var/lib/texmf/fonts/map/pdftex/updmap/pdftex.map}]
Underfull \vbox (badness 1558) has occurred while \output is active []

 [2]

LaTeX Warning: Reference `sec-2' on page 3 undefined on input line 98.


LaTeX Warning: Reference `sec-2-1' on page 3 undefined on input line 98.


LaTeX Warning: Reference `sec-2-2-1' on page 3 undefined on input line 98.


LaTeX Warning: Reference `sec-2-2-2' on page 3 undefined on input line 98.


LaTeX Warning: Citation `cit:10' on page 3 undefined on input line 108.


Underfull \vbox (badness 10000) has occurred while \output is active []

 [3]
[4]

LaTeX Warning: Citation `cit:13' on page 5 undefined on input line 161.


LaTeX Warning: Citation `cit:13' on page 5 undefined on input line 165.


LaTeX Warning: Citation `cit:13' on page 5 undefined on input line 166.

[5] [6]

LaTeX Warning: Citation `golli:2004' on page 7 undefined on input line 234.


LaTeX Warning: Citation `Badran:2005' on page 7 undefined on input line 243.

[7]
Underfull \hbox (badness 10000) in paragraph at lines 295--303

 []


Underfull \hbox (badness 10000) in paragraph at lines 304--308

 []


Underfull \hbox (badness 10000) in paragraph at lines 309--311

 []

[8]
LaTeX Font Info:    Font shape `U/lasy/b/n' in size <8> not available
(Font)              Font shape `U/lasy/m/n' tried instead on input line 327.
LaTeX Font Info:    Font shape `U/lasy/b/n' in size <6> not available
(Font)              Font shape `U/lasy/m/n' tried instead on input line 327.
 [9] [10] [11] [12]
Overfull \hbox (12.08638pt too wide) detected at line 468
\OML/cmm/m/it/12 J[]\OT1/cmr/m/n/12 ([]) = \OML/cmm/m/it/12 J[]\OT1/cmr/m/n/12 
(\OML/cmm/m/it/12 ^^U[]; [] ; ^^U[]\OT1/cmr/m/n/12 ) = [] \OML/cmm/m/it/12 ^^U[
] J[][]J[] \OT1/cmr/m/n/12 = [] \OML/cmm/m/it/12 K[]\OT1/cmr/m/n/12 (\OML/cmm/m
/it/12 ^^N\OT1/cmr/m/n/12 (\OML/cmm/m/it/12 ^^_\OT1/cmr/m/n/12 (\OML/cmm/m/it/1
2 e[]\OT1/cmr/m/n/12 )\OML/cmm/m/it/12 ; l\OT1/cmr/m/n/12 )) [] \OML/cmm/m/it/1
2 d[]\OT1/cmr/m/n/12 (\OML/cmm/m/it/12 e[]; e\OT1/cmr/m/n/12 )
 []

[13] [14]

LaTeX Warning: Reference `sec-2-2-1' on page 15 undefined on input line 568.


Underfull \vbox (badness 4416) has occurred while \output is active []

 [15]
Overfull \hbox (21.1612pt too wide) in paragraph at lines 589--590
\OT1/cmr/m/n/12 clidean dis-tances such that $\OML/cmm/b/it/12 ^^U$$[] \OMS/cms
y/m/n/12 2$ $\OT1/cmr/bx/n/12 ^^C$$\OT1/cmr/m/n/12 (\OML/cmm/m/it/12 k \OT1/cmr
/m/n/12 = 1\OML/cmm/m/it/12 ; [] ; K\OT1/cmr/m/n/12 )$. Here, $\OT1/cmr/bx/n/12
 ^^C$$\OT1/cmr/m/n/12 = \OMS/cmsy/m/n/12 f[] \OT1/cmr/m/n/12 = (\OML/cmm/m/it/1
2 ^^U[]; [] ; ^^U[]\OT1/cmr/m/n/12 ) \OMS/cmsy/m/n/12 2
 []


Overfull \hbox (9.28532pt too wide) in paragraph at lines 604--605
[]$[] [] \OML/cmm/m/it/12 J\OT1/cmr/m/n/12 ([][]\OML/cmm/m/it/12 ; [][]; P[]\OT
1/cmr/m/n/12 ) [] \OML/cmm/m/it/12 J\OT1/cmr/m/n/12 ([][]\OML/cmm/m/it/12 ; [][
]; P[]\OT1/cmr/m/n/12 ) [] []$ 
 []


LaTeX Warning: Reference `prop-4' on page 16 undefined on input line 614.

[16]

LaTeX Warning: Reference `prop-5' on page 17 undefined on input line 622.


LaTeX Warning: Reference `prop-6' on page 17 undefined on input line 630.

[17]

LaTeX Warning: Reference `eq-12' on page 18 undefined on input line 662.

[18]

Package amsmath Warning: Foreign command \atopwithdelims;
(amsmath)                \frac or \genfrac should be used instead
(amsmath)                 on input line 709.

[19] [20] [21] [22]
Underfull \vbox (badness 10000) has occurred while \output is active []

 [23]

LaTeX Warning: `!h' float specifier changed to `!ht'.


LaTeX Warning: `!h' float specifier changed to `!ht'.

[24]
Underfull \vbox (badness 1496) has occurred while \output is active []

 [25]

LaTeX Warning: `!h' float specifier changed to `!ht'.


LaTeX Warning: `!h' float specifier changed to `!ht'.


LaTeX Warning: `!h' float specifier changed to `!ht'.


LaTeX Warning: `!h' float specifier changed to `!ht'.

[26] [27] [28]
Overfull \hbox (24.53154pt too wide) in paragraph at lines 1123--1142
 [] 
 []


LaTeX Warning: `!h' float specifier changed to `!ht'.


LaTeX Warning: `!h' float specifier changed to `!ht'.


LaTeX Warning: `!h' float specifier changed to `!ht'.


Underfull \vbox (badness 10000) has occurred while \output is active []

 [29]

LaTeX Warning: Text page 30 contains only floats.

[30]
Overfull \hbox (24.53154pt too wide) in paragraph at lines 1220--1239
 [] 
 []


LaTeX Warning: `!h' float specifier changed to `!ht'.


Overfull \hbox (43.89946pt too wide) in paragraph at lines 1249--1274
 [] 
 []


LaTeX Warning: `!h' float specifier changed to `!ht'.


LaTeX Warning: `!h' float specifier changed to `!ht'.

[31] [32] [33]
Overfull \hbox (24.53154pt too wide) in paragraph at lines 1322--1341
 [] 
 []


LaTeX Warning: `!h' float specifier changed to `!ht'.

[34] [35]
Overfull \hbox (24.53154pt too wide) in paragraph at lines 1413--1432
 [] 
 []

[36] [37]
Overfull \hbox (24.53154pt too wide) in paragraph at lines 1504--1523
 [] 
 []


LaTeX Warning: `!h' float specifier changed to `!ht'.


LaTeX Warning: `!h' float specifier changed to `!ht'.


LaTeX Warning: `!h' float specifier changed to `!ht'.

[38] [39]

LaTeX Warning: Citation `BiDi03' on page 40 undefined on input line 1589.


LaTeX Warning: Citation `BLD06' on page 40 undefined on input line 1589.


LaTeX Warning: Citation `BD00' on page 40 undefined on input line 1589.


LaTeX Warning: Citation `DNF08' on page 40 undefined on input line 1589.

[40]

LaTeX Warning: Citation `Exposito2000' on page 41 undefined on input line 1598.



LaTeX Warning: Citation `Irpino2008' on page 41 undefined on input line 1598.


LaTeX Warning: Citation `Ichino1994' on page 41 undefined on input line 1600.


LaTeX Warning: Citation `Barcelar-Nicolau2000' on page 41 undefined on input li
ne 1606.

[41]
Overfull \hbox (18.86131pt too wide) in paragraph at lines 1630--1631
\OT1/cmr/m/n/12 over-all pro-to-type, which is com-puted ac-cord-ing to $\OML/c
mm/m/it/12 l \OT1/cmr/m/n/12 = \OML/cmm/m/it/12 argmin[] [][] d\OT1/cmr/m/n/12 
(\OML/cmm/m/it/12 e[]; e[]\OT1/cmr/m/n/12 )$. 
 []

[42]

LaTeX Warning: Citation `DeCarvalhoTenorio2010' on page 43 undefined on input l
ine 1646.


LaTeX Warning: Citation `DeCarvalho2007' on page 43 undefined on input line 164
6.


Overfull \hbox (7.48065pt too wide) in paragraph at lines 1651--1663
 [] 
 []


LaTeX Warning: `!h' float specifier changed to `!ht'.


LaTeX Warning: `!h' float specifier changed to `!ht'.

[43]
Overfull \hbox (7.04721pt too wide) in paragraph at lines 1721--1722
\OT1/cmr/m/n/12 and 2-Detritivorous) of size 4 and two classes (3-Omnivorous an
d 4-Herbivorous)
 []

[44]

LaTeX Warning: Citation `DeCarvalhoTenorio2010' on page 45 undefined on input l
ine 1728.


LaTeX Warning: Citation `DeCarvalhoTenorio2010' on page 45 undefined on input l
ine 1728.


Overfull \hbox (7.48065pt too wide) in paragraph at lines 1736--1746
 [] 
 []


LaTeX Warning: `!h' float specifier changed to `!ht'.


LaTeX Warning: `!h' float specifier changed to `!ht'.

[45] [46]

LaTeX Warning: Citation `DeCarvalhoDeSouza2010' on page 47 undefined on input l
ine 1821.


LaTeX Warning: Citation `DeCarvalhoDeSouza2010' on page 47 undefined on input l
ine 1821.


Overfull \hbox (8.25061pt too wide) in paragraph at lines 1819--1822
\OML/cmm/m/it/12 MRFCM \OMS/cmsy/m/n/12 ^^@ \OML/cmm/m/it/12 RWG$ \OT1/cmr/m/n/
12 (with pro-to-types of car-di-nal-ity 1) had the best and $\OML/cmm/m/it/12 M
RFCM$
 []


LaTeX Warning: `!h' float specifier changed to `!ht'.


LaTeX Warning: `!h' float specifier changed to `!ht'.


Overfull \hbox (13.22214pt too wide) in paragraph at lines 1898--1900
\OT1/cmr/m/n/12 data sets are avail-able at http://www.math.univ-toulouse.fr/st
aph/npfda/npfda-
 []


Overfull \hbox (2.12503pt too wide) in paragraph at lines 1898--1900
\OT1/cmr/m/n/12 cross-sectional dis-sim-i-lar-ity, which com-pares the in-stan-
ta-neous po-si-tion (trend)
 []

[47] [48]

LaTeX Warning: Reference `sec-2-2-1' on page 49 undefined on input line 1919.


LaTeX Warning: Reference `sec-2-2-2' on page 49 undefined on input line 1919.

[49]

LaTeX Warning: `!h' float specifier changed to `!ht'.


LaTeX Warning: `!h' float specifier changed to `!ht'.

[50] [51]

LaTeX Warning: Reference `eq-9' on page 52 undefined on input line 2023.


Overfull \hbox (65.34026pt too wide) in paragraph at lines 2034--2046
 [] 
 []

[52] [53]
Missing character: There is no – in font cmr10!
Missing character: There is no – in font cmr10!
 [54]
Missing character: There is no – in font cmr10!
 [55]
Missing character: There is no – in font cmr10!
Missing character: There is no – in font cmr10!
 [56] (./DeCarvalho-Dantas-Lechevallier-PR-2011-R0.aux)

LaTeX Warning: There were undefined references.


LaTeX Warning: There were multiply-defined labels.

 ) 
Here is how much of TeX's memory you used:
 2589 strings out of 495061
 29733 string characters out of 1182621
 114817 words of memory out of 3000000
 5748 multiletter control sequences out of 15000+50000
 22311 words of font info for 88 fonts, out of 3000000 for 9000
 28 hyphenation exceptions out of 8191
 32i,13n,24p,875b,303s stack positions out of 5000i,500n,10000p,200000b,50000s
</usr/share/texmf-texlive/fonts/type1/public/amsfonts/cm/cmbx10.pfb></usr/sha
re/texmf-texlive/fonts/type1/public/amsfonts/cm/cmbx12.pfb></usr/share/texmf-te
xlive/fonts/type1/public/amsfonts/cm/cmbx6.pfb></usr/share/texmf-texlive/fonts/
type1/public/amsfonts/cm/cmbx8.pfb></usr/share/texmf-texlive/fonts/type1/public
/amsfonts/cm/cmbxti10.pfb></usr/share/texmf-texlive/fonts/type1/public/amsfonts
/cm/cmex10.pfb></usr/share/texmf-texlive/fonts/type1/public/amsfonts/cm/cmmi10.
pfb></usr/share/texmf-texlive/fonts/type1/public/amsfonts/cm/cmmi12.pfb></usr/s
hare/texmf-texlive/fonts/type1/public/amsfonts/cm/cmmi6.pfb></usr/share/texmf-t
exlive/fonts/type1/public/amsfonts/cm/cmmi8.pfb></usr/share/texmf-texlive/fonts
/type1/public/amsfonts/cm/cmmib10.pfb></usr/share/texmf-texlive/fonts/type1/pub
lic/amsfonts/cm/cmr10.pfb></usr/share/texmf-texlive/fonts/type1/public/amsfonts
/cm/cmr12.pfb></usr/share/texmf-texlive/fonts/type1/public/amsfonts/cm/cmr6.pfb
></usr/share/texmf-texlive/fonts/type1/public/amsfonts/cm/cmr8.pfb></usr/share/
texmf-texlive/fonts/type1/public/amsfonts/cm/cmsl10.pfb></usr/share/texmf-texli
ve/fonts/type1/public/amsfonts/cm/cmsy10.pfb></usr/share/texmf-texlive/fonts/ty
pe1/public/amsfonts/cm/cmsy6.pfb></usr/share/texmf-texlive/fonts/type1/public/a
msfonts/cm/cmsy8.pfb></usr/share/texmf-texlive/fonts/type1/public/amsfonts/cm/c
mti10.pfb></usr/share/texmf-texlive/fonts/type1/public/amsfonts/cm/cmti12.pfb><
/usr/share/texmf-texlive/fonts/type1/public/amsfonts/cm/cmtt10.pfb></usr/share/
texmf-texlive/fonts/type1/public/amsfonts/symbols/msbm10.pfb>
Output written on DeCarvalho-Dantas-Lechevallier-PR-2011-R0.pdf (56 pages, 5118
15 bytes).
PDF statistics:
 275 PDF objects out of 1000 (max. 8388607)
 0 named destinations out of 1000 (max. 500000)
 1 words of extra memory for PDF output out of 10000 (max. 10000000)

