\BOOKMARK [0][-]{chapter*.5}{Lista de Figuras}{}
\BOOKMARK [0][-]{chapter*.6}{Lista de Tabelas}{}
\BOOKMARK [0][-]{chapter.1}{Introdu\347\343o}{}
\BOOKMARK [0][-]{chapter.2}{Mapas auto-organiz\341veis}{}
\BOOKMARK [1][-]{section.2.1}{Mapas auto-organiz\341veis de Kohonen}{chapter.2}
\BOOKMARK [0][-]{chapter.3}{SOM para dados relacionais baseados em m\372ltiplas tabelas de dissimilaridade}{}
\BOOKMARK [1][-]{section.3.1}{Introdu\347\343o}{chapter.3}
\BOOKMARK [1][-]{section.3.2}{Dados relacionais}{chapter.3}
\BOOKMARK [1][-]{section.3.3}{M\372ltiplas matrizes de dissimilaridade}{chapter.3}
\BOOKMARK [1][-]{section.3.4}{O algoritmo}{chapter.3}
\BOOKMARK [2][-]{subsection.3.4.1}{Etapa de representa\347\343o: determina\347\343o dos melhores prot\363tipos}{section.3.4}
\BOOKMARK [2][-]{subsection.3.4.2}{Etapa de pondera\347\343o: defini\347\343o dos melhores vetores de pesos}{section.3.4}
\BOOKMARK [2][-]{subsection.3.4.3}{Etapa de afeta\347\343o: defini\347\343o da melhor parti\347\343o}{section.3.4}
\BOOKMARK [2][-]{subsection.3.4.4}{O algoritmo}{section.3.4}
\BOOKMARK [0][-]{chapter.4}{Resultados}{}
\BOOKMARK [1][-]{section.4.1}{Base de dados \315ris}{chapter.4}
\BOOKMARK [1][-]{section.4.2}{Base de dados E.coli}{chapter.4}
\BOOKMARK [1][-]{section.4.3}{Base de dados Thyroid}{chapter.4}
\BOOKMARK [1][-]{section.4.4}{Base de dados Wine}{chapter.4}
\BOOKMARK [0][-]{table.4.12}{Bibliography}{}
